[2023-11-30 14:32:41] INFO  FileWorker:26 - Запис каменя "1322313213" у папку "collection"
[2023-11-30 15:35:49] INFO  FileWorker:30 - Початок роботи програми
[2023-11-30 15:35:49] INFO  FileWorker:43 - Зчитування каменів з папки "collection"
[2023-11-30 15:35:49] INFO  FileWorker:43 - Зчитування каменів з папки "necklace"
[2023-11-30 15:36:01] INFO  FileWorker:27 - Додавання каменя до колекції
[2023-11-30 15:36:13] INFO  FileWorker:26 - Запис каменя "qwe" у папку "collection"
[2023-11-30 15:36:18] INFO  FileWorker:99 - Вивід на екран колекції
[2023-11-30 15:36:38] INFO  FileWorker:68 - Сортування масиву каменів за параметром "name"
[2023-11-30 15:36:43] INFO  FileWorker:99 - Вивід на екран колекції
[2023-11-30 15:36:53] INFO  FileWorker:35 - Видалення каміня "123321312" з колекції
[2023-11-30 15:36:53] INFO  FileWorker:78 - Видалення каменя "123321312" з папки "collection"
[2023-11-30 15:36:59] INFO  FileWorker:67 - Вивід на екран намиста
[2023-11-30 15:37:06] INFO  FileWorker:47 - Додавання каменя "name" до намиста
[2023-11-30 15:37:06] INFO  FileWorker:78 - Видалення каменя "name" з папки "collection"
[2023-11-30 15:37:06] INFO  FileWorker:26 - Запис каменя "name" у папку "necklace"
[2023-11-30 15:37:12] INFO  FileWorker:67 - Вивід на екран намиста
[2023-11-30 15:37:16] INFO  FileWorker:21 - Розрахування вартості і ваги намиста
[2023-11-30 15:37:19] INFO  FileWorker:16 - Завершення роботи програми
[2023-11-30 15:37:51] INFO  FileWorker:30 - Початок роботи програми
[2023-11-30 15:37:51] INFO  FileWorker:43 - Зчитування каменів з папки "collection"
[2023-11-30 15:37:51] INFO  FileWorker:43 - Зчитування каменів з папки "necklace"
[2023-11-30 15:37:57] INFO  FileWorker:99 - Вивід на екран колекції
[2023-11-30 15:38:02] INFO  FileWorker:32 - Зміна параметрів каменя "1332321"
[2023-11-30 15:38:05] ERROR FileWorker:62 - Введена цифра, якої немає у виборі!
[2023-11-30 15:38:11] ERROR FileWorker:62 - Введена цифра, якої немає у виборі!
[2023-11-30 15:38:15] ERROR FileWorker:62 - Введена цифра, якої немає у виборі!
[2023-11-30 15:38:50] INFO  FileWorker:30 - Початок роботи програми
[2023-11-30 15:38:50] INFO  FileWorker:43 - Зчитування каменів з папки "collection"
[2023-11-30 15:38:50] INFO  FileWorker:43 - Зчитування каменів з папки "necklace"
[2023-11-30 15:38:53] INFO  FileWorker:99 - Вивід на екран колекції
[2023-11-30 15:39:00] INFO  FileWorker:32 - Зміна параметрів каменя "1322313213"
[2023-11-30 15:39:00] ERROR FileWorker:61 - Введена цифра, якої немає у виборі!
[2023-11-30 15:39:09] INFO  FileWorker:30 - Початок роботи програми
[2023-11-30 15:39:09] INFO  FileWorker:43 - Зчитування каменів з папки "collection"
[2023-11-30 15:39:09] INFO  FileWorker:43 - Зчитування каменів з папки "necklace"
[2023-11-30 15:41:00] INFO  FileWorker:30 - Початок роботи програми
[2023-11-30 15:41:00] INFO  FileWorker:43 - Зчитування каменів з папки "collection"
[2023-11-30 15:41:00] INFO  FileWorker:43 - Зчитування каменів з папки "necklace"
[2023-11-30 15:41:05] INFO  FileWorker:99 - Вивід на екран колекції
[2023-11-30 15:41:10] INFO  FileWorker:32 - Зміна параметрів каменя "13321123"
[2023-11-30 15:41:13] ERROR FileWorker:62 - Введена цифра, якої немає у виборі!
[2023-11-30 15:41:20] INFO  FileWorker:30 - Початок роботи програми
[2023-11-30 15:41:20] INFO  FileWorker:43 - Зчитування каменів з папки "collection"
[2023-11-30 15:41:20] INFO  FileWorker:43 - Зчитування каменів з папки "necklace"
[2023-11-30 15:41:37] INFO  FileWorker:30 - Початок роботи програми
[2023-11-30 15:41:37] INFO  FileWorker:43 - Зчитування каменів з папки "collection"
[2023-11-30 15:41:37] INFO  FileWorker:43 - Зчитування каменів з папки "necklace"
[2023-11-30 15:41:41] INFO  FileWorker:99 - Вивід на екран колекції
[2023-11-30 15:41:48] INFO  FileWorker:32 - Зміна параметрів каменя "132321"
[2023-11-30 15:41:51] ERROR FileWorker:62 - Введена цифра, якої немає у виборі!
[2023-11-30 15:41:53] INFO  FileWorker:78 - Видалення каменя "" з папки "collection"
[2023-11-30 15:41:53] INFO  FileWorker:26 - Запис каменя "" у папку "collection"
[2023-11-30 15:44:03] INFO  FileWorker:30 - Початок роботи програми
[2023-11-30 15:44:03] INFO  FileWorker:43 - Зчитування каменів з папки "collection"
[2023-11-30 15:44:03] INFO  FileWorker:43 - Зчитування каменів з папки "necklace"
[2023-11-30 15:44:07] INFO  FileWorker:99 - Вивід на екран колекції
[2023-11-30 15:44:12] INFO  FileWorker:32 - Зміна параметрів каменя "1"
[2023-11-30 15:44:14] ERROR FileWorker:62 - Введена цифра, якої немає у виборі!
[2023-11-30 15:44:22] ERROR FileWorker:62 - Введена цифра, якої немає у виборі!
[2023-11-30 15:44:30] INFO  FileWorker:78 - Видалення каменя "name123" з папки "collection"
[2023-11-30 15:44:30] INFO  FileWorker:26 - Запис каменя "name123" у папку "collection"
[2023-11-30 15:44:32] INFO  FileWorker:16 - Завершення роботи програми
[2023-11-30 15:45:38] INFO  FileWorker:30 - Початок роботи програми
[2023-11-30 15:45:38] INFO  FileWorker:43 - Зчитування каменів з папки "collection"
[2023-11-30 15:45:38] INFO  FileWorker:43 - Зчитування каменів з папки "necklace"
[2023-11-30 15:49:11] INFO  FileWorker:30 - Початок роботи програми
[2023-11-30 15:49:11] INFO  FileWorker:43 - Зчитування каменів з папки "collection"
[2023-11-30 15:49:11] INFO  FileWorker:43 - Зчитування каменів з папки "necklace"
[2023-11-30 15:54:33] INFO  FileWorker:30 - Початок роботи програми
[2023-11-30 15:54:33] INFO  FileWorker:43 - Зчитування каменів з папки "collection"
[2023-11-30 15:54:33] INFO  FileWorker:43 - Зчитування каменів з папки "necklace"
[2023-11-30 15:56:16] INFO  FileWorker:30 - Початок роботи програми
[2023-11-30 15:56:16] INFO  FileWorker:43 - Зчитування каменів з папки "collection"
[2023-11-30 15:56:16] INFO  FileWorker:43 - Зчитування каменів з папки "necklace"
[2023-11-30 15:59:28] INFO  FileWorker:30 - Початок роботи програми
[2023-11-30 15:59:28] INFO  FileWorker:43 - Зчитування каменів з папки "collection"
[2023-11-30 15:59:28] INFO  FileWorker:43 - Зчитування каменів з папки "necklace"
[2023-11-30 15:59:29] INFO  FileWorker:30 - Початок роботи програми
[2023-11-30 15:59:29] INFO  FileWorker:43 - Зчитування каменів з папки "collection"
[2023-11-30 15:59:29] INFO  FileWorker:43 - Зчитування каменів з папки "necklace"
[2023-11-30 15:59:32] INFO  FileWorker:30 - Початок роботи програми
[2023-11-30 15:59:32] INFO  FileWorker:43 - Зчитування каменів з папки "collection"
[2023-11-30 15:59:32] INFO  FileWorker:43 - Зчитування каменів з папки "necklace"
[2023-11-30 16:12:35] INFO  FileWorker:30 - Початок роботи програми
[2023-11-30 16:12:35] INFO  FileWorker:43 - Зчитування каменів з папки "collection"
[2023-11-30 16:12:35] INFO  FileWorker:43 - Зчитування каменів з папки "necklace"
[2023-11-30 16:13:29] INFO  FileWorker:30 - Початок роботи програми
[2023-11-30 16:13:29] INFO  FileWorker:43 - Зчитування каменів з папки "collection"
[2023-11-30 16:13:29] INFO  FileWorker:43 - Зчитування каменів з папки "necklace"
[2023-11-30 16:13:36] INFO  FileWorker:30 - Початок роботи програми
[2023-11-30 16:13:36] INFO  FileWorker:43 - Зчитування каменів з папки "collection"
[2023-11-30 16:13:36] INFO  FileWorker:43 - Зчитування каменів з папки "necklace"
[2023-11-30 16:13:45] INFO  FileWorker:30 - Початок роботи програми
[2023-11-30 16:13:45] INFO  FileWorker:43 - Зчитування каменів з папки "collection"
[2023-11-30 16:13:45] INFO  FileWorker:43 - Зчитування каменів з папки "necklace"
[2023-11-30 16:13:53] INFO  FileWorker:67 - Вивід на екран намиста
[2023-11-30 16:14:04] INFO  FileWorker:30 - Початок роботи програми
[2023-11-30 16:14:04] INFO  FileWorker:43 - Зчитування каменів з папки "collection"
[2023-11-30 16:14:04] INFO  FileWorker:43 - Зчитування каменів з папки "necklace"
[2023-11-30 16:14:07] INFO  FileWorker:99 - Вивід на екран колекції
[2023-11-30 16:14:10] INFO  FileWorker:32 - Зміна параметрів каменя ""
[2023-11-30 16:14:14] ERROR FileWorker:62 - Введена цифра, якої немає у виборі!
[2023-11-30 16:14:20] ERROR FileWorker:62 - Введена цифра, якої немає у виборі!
[2023-11-30 16:14:25] INFO  FileWorker:16 - Завершення роботи програми
[2023-11-30 16:16:58] INFO  FileWorker:30 - Початок роботи програми
[2023-11-30 16:16:58] INFO  FileWorker:43 - Зчитування каменів з папки "collection"
[2023-11-30 16:16:58] INFO  FileWorker:43 - Зчитування каменів з папки "necklace"
[2023-11-30 16:18:57] INFO  FileWorker:30 - Початок роботи програми
[2023-11-30 16:18:57] INFO  FileWorker:43 - Зчитування каменів з папки "collection"
[2023-11-30 16:18:57] INFO  FileWorker:43 - Зчитування каменів з папки "necklace"
[2023-11-30 16:19:44] INFO  FileWorker:30 - Початок роботи програми
[2023-11-30 16:19:44] INFO  FileWorker:43 - Зчитування каменів з папки "collection"
[2023-11-30 16:19:44] INFO  FileWorker:43 - Зчитування каменів з папки "necklace"
[2023-11-30 16:21:05] INFO  FileWorker:30 - Початок роботи програми
[2023-11-30 16:21:05] INFO  FileWorker:43 - Зчитування каменів з папки "collection"
[2023-11-30 16:21:05] INFO  FileWorker:43 - Зчитування каменів з папки "necklace"
[2023-11-30 16:21:12] INFO  FileWorker:30 - Початок роботи програми
[2023-11-30 16:21:12] INFO  FileWorker:43 - Зчитування каменів з папки "collection"
[2023-11-30 16:21:12] INFO  FileWorker:43 - Зчитування каменів з папки "necklace"
[2023-11-30 16:21:20] INFO  FileWorker:30 - Початок роботи програми
[2023-11-30 16:21:20] INFO  FileWorker:43 - Зчитування каменів з папки "collection"
[2023-11-30 16:21:20] INFO  FileWorker:43 - Зчитування каменів з папки "necklace"
[2023-11-30 16:21:24] INFO  FileWorker:99 - Вивід на екран колекції
[2023-11-30 16:21:27] INFO  FileWorker:32 - Зміна параметрів каменя ""
[2023-11-30 16:21:29] ERROR FileWorker:62 - Введена цифра, якої немає у виборі!
[2023-11-30 16:21:35] INFO  FileWorker:16 - Завершення роботи програми
[2023-11-30 16:22:35] INFO  FileWorker:30 - Початок роботи програми
[2023-11-30 16:22:35] INFO  FileWorker:43 - Зчитування каменів з папки "collection"
[2023-11-30 16:22:35] INFO  FileWorker:43 - Зчитування каменів з папки "necklace"
[2023-11-30 16:22:44] INFO  FileWorker:30 - Початок роботи програми
[2023-11-30 16:22:44] INFO  FileWorker:43 - Зчитування каменів з папки "collection"
[2023-11-30 16:22:44] INFO  FileWorker:43 - Зчитування каменів з папки "necklace"
[2023-11-30 16:22:57] INFO  FileWorker:30 - Початок роботи програми
[2023-11-30 16:22:57] INFO  FileWorker:43 - Зчитування каменів з папки "collection"
[2023-11-30 16:22:57] INFO  FileWorker:43 - Зчитування каменів з папки "necklace"
[2023-11-30 16:23:24] INFO  FileWorker:30 - Початок роботи програми
[2023-11-30 16:23:24] INFO  FileWorker:43 - Зчитування каменів з папки "collection"
[2023-11-30 16:23:24] INFO  FileWorker:43 - Зчитування каменів з папки "necklace"
[2023-11-30 16:23:32] INFO  FileWorker:30 - Початок роботи програми
[2023-11-30 16:23:32] INFO  FileWorker:43 - Зчитування каменів з папки "collection"
[2023-11-30 16:23:32] INFO  FileWorker:43 - Зчитування каменів з папки "necklace"
[2023-11-30 16:23:44] INFO  FileWorker:30 - Початок роботи програми
[2023-11-30 16:23:44] INFO  FileWorker:43 - Зчитування каменів з папки "collection"
[2023-11-30 16:23:44] INFO  FileWorker:43 - Зчитування каменів з папки "necklace"
[2023-11-30 16:28:29] INFO  FileWorker:30 - Початок роботи програми
[2023-11-30 16:28:29] INFO  FileWorker:43 - Зчитування каменів з папки "collection"
[2023-11-30 16:28:29] INFO  FileWorker:43 - Зчитування каменів з папки "necklace"
[2023-11-30 16:28:34] INFO  FileWorker:99 - Вивід на екран колекції
[2023-11-30 16:29:27] INFO  FileWorker:30 - Початок роботи програми
[2023-11-30 16:29:27] INFO  FileWorker:43 - Зчитування каменів з папки "collection"
[2023-11-30 16:29:27] INFO  FileWorker:43 - Зчитування каменів з папки "necklace"
[2023-11-30 16:29:34] INFO  FileWorker:99 - Вивід на екран колекції
[2023-11-30 16:30:11] INFO  FileWorker:32 - Зміна параметрів каменя "1322313213"
[2023-11-30 16:30:13] ERROR FileWorker:62 - Введена цифра, якої немає у виборі!
[2023-11-30 16:31:33] INFO  FileWorker:30 - Початок роботи програми
[2023-11-30 16:31:33] INFO  FileWorker:43 - Зчитування каменів з папки "collection"
[2023-11-30 16:31:33] INFO  FileWorker:43 - Зчитування каменів з папки "necklace"
[2023-11-30 16:31:45] INFO  FileWorker:30 - Початок роботи програми
[2023-11-30 16:31:45] INFO  FileWorker:43 - Зчитування каменів з папки "collection"
[2023-11-30 16:31:45] INFO  FileWorker:43 - Зчитування каменів з папки "necklace"
[2023-11-30 16:31:48] INFO  FileWorker:99 - Вивід на екран колекції
[2023-11-30 16:31:53] INFO  FileWorker:32 - Зміна параметрів каменя "1322313213"
[2023-11-30 16:32:13] ERROR FileWorker:62 - Введена цифра, якої немає у виборі!
[2023-11-30 16:32:18] INFO  FileWorker:16 - Завершення роботи програми
[2023-11-30 16:32:54] INFO  FileWorker:30 - Початок роботи програми
[2023-11-30 16:32:54] INFO  FileWorker:43 - Зчитування каменів з папки "collection"
[2023-11-30 16:32:54] INFO  FileWorker:43 - Зчитування каменів з папки "necklace"
[2023-11-30 16:33:14] INFO  FileWorker:30 - Початок роботи програми
[2023-11-30 16:33:14] INFO  FileWorker:43 - Зчитування каменів з папки "collection"
[2023-11-30 16:33:14] INFO  FileWorker:43 - Зчитування каменів з папки "necklace"
[2023-11-30 16:33:17] INFO  FileWorker:99 - Вивід на екран колекції
[2023-11-30 16:33:23] INFO  FileWorker:30 - Початок роботи програми
[2023-11-30 16:33:23] INFO  FileWorker:43 - Зчитування каменів з папки "collection"
[2023-11-30 16:33:23] INFO  FileWorker:43 - Зчитування каменів з папки "necklace"
[2023-11-30 16:33:26] INFO  FileWorker:99 - Вивід на екран колекції
[2023-11-30 16:33:29] INFO  FileWorker:32 - Зміна параметрів каменя "1322313213"
[2023-11-30 16:33:30] ERROR FileWorker:62 - Введена цифра, якої немає у виборі!
[2023-11-30 16:33:34] INFO  FileWorker:16 - Завершення роботи програми
[2023-11-30 16:41:17] INFO  FileWorker:30 - Початок роботи програми
[2023-11-30 16:41:17] INFO  FileWorker:43 - Зчитування каменів з папки "collection"
[2023-11-30 16:41:17] INFO  FileWorker:43 - Зчитування каменів з папки "necklace"
[2023-11-30 16:41:21] INFO  FileWorker:99 - Вивід на екран колекції
[2023-11-30 16:41:25] INFO  FileWorker:32 - Зміна параметрів каменя "1322313213"
[2023-11-30 16:41:27] ERROR FileWorker:62 - Введена цифра, якої немає у виборі!
[2023-11-30 16:42:23] INFO  FileWorker:30 - Початок роботи програми
[2023-11-30 16:42:23] INFO  FileWorker:43 - Зчитування каменів з папки "collection"
[2023-11-30 16:42:23] INFO  FileWorker:43 - Зчитування каменів з папки "necklace"
[2023-11-30 16:42:27] INFO  FileWorker:99 - Вивід на екран колекції
[2023-11-30 16:42:33] INFO  FileWorker:30 - Початок роботи програми
[2023-11-30 16:42:33] INFO  FileWorker:43 - Зчитування каменів з папки "collection"
[2023-11-30 16:42:33] INFO  FileWorker:43 - Зчитування каменів з папки "necklace"
[2023-11-30 16:42:37] INFO  FileWorker:99 - Вивід на екран колекції
[2023-11-30 16:42:41] INFO  FileWorker:32 - Зміна параметрів каменя "1322313213"
[2023-11-30 16:42:43] ERROR FileWorker:62 - Введена цифра, якої немає у виборі!
[2023-11-30 16:42:48] INFO  FileWorker:16 - Завершення роботи програми
[2023-11-30 16:45:21] INFO  FileWorker:30 - Початок роботи програми
[2023-11-30 16:45:21] INFO  FileWorker:43 - Зчитування каменів з папки "collection"
[2023-11-30 16:45:21] INFO  FileWorker:43 - Зчитування каменів з папки "necklace"
[2023-11-30 16:45:26] INFO  FileWorker:99 - Вивід на екран колекції
[2023-11-30 16:45:47] INFO  FileWorker:30 - Початок роботи програми
[2023-11-30 16:45:47] INFO  FileWorker:43 - Зчитування каменів з папки "collection"
[2023-11-30 16:45:47] INFO  FileWorker:43 - Зчитування каменів з папки "necklace"
[2023-11-30 16:45:50] INFO  FileWorker:99 - Вивід на екран колекції
[2023-11-30 16:45:56] INFO  FileWorker:16 - Завершення роботи програми
[2023-11-30 16:46:03] INFO  FileWorker:30 - Початок роботи програми
[2023-11-30 16:46:03] INFO  FileWorker:43 - Зчитування каменів з папки "collection"
[2023-11-30 16:46:03] INFO  FileWorker:43 - Зчитування каменів з папки "necklace"
[2023-11-30 16:50:13] INFO  FileWorker:30 - Початок роботи програми
[2023-11-30 16:50:13] INFO  FileWorker:43 - Зчитування каменів з папки "collection"
[2023-11-30 16:50:13] INFO  FileWorker:43 - Зчитування каменів з папки "necklace"
[2023-11-30 16:50:17] INFO  FileWorker:30 - Початок роботи програми
[2023-11-30 16:50:17] INFO  FileWorker:43 - Зчитування каменів з папки "collection"
[2023-11-30 16:50:17] INFO  FileWorker:43 - Зчитування каменів з папки "necklace"
[2023-11-30 16:50:19] INFO  FileWorker:30 - Початок роботи програми
[2023-11-30 16:50:19] INFO  FileWorker:43 - Зчитування каменів з папки "collection"
[2023-11-30 16:50:19] INFO  FileWorker:43 - Зчитування каменів з папки "necklace"
[2023-11-30 16:50:21] INFO  FileWorker:30 - Початок роботи програми
[2023-11-30 16:50:21] INFO  FileWorker:43 - Зчитування каменів з папки "collection"
[2023-11-30 16:50:21] INFO  FileWorker:43 - Зчитування каменів з папки "necklace"
[2023-11-30 16:50:23] INFO  FileWorker:30 - Початок роботи програми
[2023-11-30 16:50:23] INFO  FileWorker:43 - Зчитування каменів з папки "collection"
[2023-11-30 16:50:23] INFO  FileWorker:43 - Зчитування каменів з папки "necklace"
[2023-11-30 16:50:27] INFO  FileWorker:99 - Вивід на екран колекції
[2023-11-30 16:50:31] INFO  FileWorker:16 - Завершення роботи програми
[2023-11-30 16:53:10] INFO  FileWorker:30 - Початок роботи програми
[2023-11-30 16:53:10] INFO  FileWorker:43 - Зчитування каменів з папки "collection"
[2023-11-30 16:53:10] INFO  FileWorker:43 - Зчитування каменів з папки "necklace"
[2023-11-30 16:53:14] INFO  FileWorker:30 - Початок роботи програми
[2023-11-30 16:53:14] INFO  FileWorker:43 - Зчитування каменів з папки "collection"
[2023-11-30 16:53:14] INFO  FileWorker:43 - Зчитування каменів з папки "necklace"
[2023-11-30 16:53:24] INFO  FileWorker:99 - Вивід на екран колекції
[2023-11-30 16:53:29] INFO  FileWorker:16 - Завершення роботи програми
[2023-11-30 16:54:28] INFO  FileWorker:30 - Початок роботи програми
[2023-11-30 16:54:28] INFO  FileWorker:43 - Зчитування каменів з папки "collection"
[2023-11-30 16:54:28] INFO  FileWorker:43 - Зчитування каменів з папки "necklace"
[2023-11-30 16:54:38] INFO  FileWorker:30 - Початок роботи програми
[2023-11-30 16:54:38] INFO  FileWorker:43 - Зчитування каменів з папки "collection"
[2023-11-30 16:54:38] INFO  FileWorker:43 - Зчитування каменів з папки "necklace"
[2023-11-30 16:54:41] INFO  FileWorker:99 - Вивід на екран колекції
[2023-11-30 21:03:31] INFO  FileWorker:30 - Початок роботи програми
[2023-11-30 21:03:31] INFO  FileWorker:43 - Зчитування каменів з папки "collection"
[2023-11-30 21:03:31] INFO  FileWorker:43 - Зчитування каменів з папки "necklace"
[2023-11-30 21:03:41] INFO  FileWorker:99 - Вивід на екран колекції
[2023-11-30 21:03:44] INFO  FileWorker:32 - Зміна параметрів каменя "1322313213"
[2023-11-30 21:03:45] ERROR FileWorker:62 - Введена цифра, якої немає у виборі!
[2023-11-30 21:03:50] INFO  FileWorker:16 - Завершення роботи програми
[2023-11-30 21:05:31] INFO  FileWorker:30 - Початок роботи програми
[2023-11-30 21:05:31] INFO  FileWorker:43 - Зчитування каменів з папки "collection"
[2023-11-30 21:05:31] INFO  FileWorker:43 - Зчитування каменів з папки "necklace"
[2023-11-30 21:05:37] INFO  FileWorker:99 - Вивід на екран колекції
[2023-11-30 21:05:39] INFO  FileWorker:32 - Зміна параметрів каменя "1322313213"
[2023-11-30 21:05:40] ERROR FileWorker:62 - Введена цифра, якої немає у виборі!
[2023-11-30 21:05:43] ERROR FileWorker:62 - Введена цифра, якої немає у виборі!
[2023-11-30 21:05:49] ERROR FileWorker:62 - Введена цифра, якої немає у виборі!
[2023-11-30 21:08:15] INFO  FileWorker:30 - Початок роботи програми
[2023-11-30 21:08:15] INFO  FileWorker:43 - Зчитування каменів з папки "collection"
[2023-11-30 21:08:15] INFO  FileWorker:43 - Зчитування каменів з папки "necklace"
[2023-11-30 21:08:21] INFO  FileWorker:99 - Вивід на екран колекції
[2023-11-30 21:08:27] INFO  FileWorker:30 - Початок роботи програми
[2023-11-30 21:08:27] INFO  FileWorker:43 - Зчитування каменів з папки "collection"
[2023-11-30 21:08:27] INFO  FileWorker:43 - Зчитування каменів з папки "necklace"
[2023-11-30 21:08:35] INFO  FileWorker:30 - Початок роботи програми
[2023-11-30 21:08:35] INFO  FileWorker:43 - Зчитування каменів з папки "collection"
[2023-11-30 21:08:35] INFO  FileWorker:43 - Зчитування каменів з папки "necklace"
[2023-11-30 21:08:38] INFO  FileWorker:99 - Вивід на екран колекції
[2023-11-30 21:08:41] INFO  FileWorker:32 - Зміна параметрів каменя "1322313213"
[2023-11-30 21:08:42] ERROR FileWorker:62 - Введена цифра, якої немає у виборі!
[2023-11-30 21:08:45] ERROR FileWorker:62 - Введена цифра, якої немає у виборі!
[2023-11-30 21:08:50] INFO  FileWorker:16 - Завершення роботи програми
[2023-11-30 21:11:35] INFO  FileWorker:30 - Початок роботи програми
[2023-11-30 21:11:35] INFO  FileWorker:43 - Зчитування каменів з папки "collection"
[2023-11-30 21:11:35] INFO  FileWorker:43 - Зчитування каменів з папки "necklace"
[2023-12-01 15:49:59] INFO  FileWorker:30 - Початок роботи програми
[2023-12-01 15:49:59] INFO  FileWorker:43 - Зчитування каменів з папки "collection"
[2023-12-01 15:49:59] INFO  FileWorker:43 - Зчитування каменів з папки "necklace"
[2023-12-01 15:50:03] INFO  FileWorker:99 - Вивід на екран колекції
[2023-12-01 15:50:10] INFO  FileWorker:32 - Зміна параметрів каменя "1322313213"
[2023-12-01 15:50:11] ERROR FileWorker:62 - Введений параметр, якого немає у списку: adssaddsa
[2023-12-01 15:50:19] INFO  FileWorker:16 - Завершення роботи програми
[2023-12-10 13:29:40] INFO  FileWorker:30 - Початок роботи програми
[2023-12-10 13:29:40] INFO  FileWorker:43 - Зчитування каменів з папки "collection"
[2023-12-10 13:29:40] INFO  FileWorker:43 - Зчитування каменів з папки "necklace"
[2023-12-10 19:14:21] INFO  FileWorker:30 - Початок роботи програми
[2023-12-10 19:14:21] INFO  FileWorker:43 - Зчитування каменів з папки "collection"
[2023-12-10 19:14:21] INFO  FileWorker:43 - Зчитування каменів з папки "necklace"
[2024-05-16 17:05:34] INFO  FileWorker:30 - Початок роботи програми
[2024-05-16 17:05:34] INFO  FileWorker:43 - Зчитування каменів з папки "collection"
[2024-05-16 17:05:34] INFO  FileWorker:43 - Зчитування каменів з папки "necklace"
[2024-05-16 17:05:38] INFO  FileWorker:27 - Додавання каменя до колекції
[2024-05-16 22:25:04] INFO  FileWorker:30 - Початок роботи програми
[2024-05-16 22:25:04] INFO  FileWorker:43 - Зчитування каменів з папки "collection"
[2024-05-16 22:25:04] INFO  FileWorker:43 - Зчитування каменів з папки "necklace"
[2024-05-16 22:26:00] INFO  FileWorker:30 - Початок роботи програми
[2024-05-16 22:26:00] INFO  FileWorker:43 - Зчитування каменів з папки "collection"
[2024-05-16 22:26:00] INFO  FileWorker:43 - Зчитування каменів з папки "necklace"
[2024-05-16 22:26:05] INFO  FileWorker:99 - Вивід на екран колекції
[2024-05-16 22:38:09] INFO  FileWorker:30 - Початок роботи програми
[2024-05-16 22:38:09] INFO  FileWorker:43 - Зчитування каменів з папки "collection"
[2024-05-16 22:38:09] INFO  FileWorker:43 - Зчитування каменів з папки "necklace"
[2024-05-16 22:42:15] INFO  FileWorker:30 - Початок роботи програми
[2024-05-16 22:42:15] INFO  FileWorker:43 - Зчитування каменів з папки "collection"
[2024-05-16 22:42:15] INFO  FileWorker:43 - Зчитування каменів з папки "necklace"
[2024-05-16 22:42:18] INFO  FileWorker:99 - Вивід на екран колекції
[2024-05-16 22:48:09] INFO  FileWorker:63 - Введений параметр, якого немає у списку: 1
[2024-05-16 22:48:14] INFO  FileWorker:68 - Сортування масиву каменів за параметром "name"
[2024-05-16 22:48:28] INFO  FileWorker:99 - Вивід на екран колекції
[2024-05-16 22:48:44] INFO  FileWorker:26 - Знаходження камені за прозорістю
